2024-10-05 17:39:14 DEBUG com.main.ReportGenerator - This is a debug message
2024-10-05 17:39:14 INFO  com.main.ReportGenerator - This is an info message
2024-10-05 17:39:14 WARN  com.main.ReportGenerator - This is a warn message
2024-10-05 17:39:14 ERROR com.main.ReportGenerator - This is an error message
2024-10-05 17:39:14 FATAL com.main.ReportGenerator - This is a fatal message
2024-10-27 15:28:05 DEBUG com.main.ReportGenerator - This is a debug message
2024-10-27 15:28:05 INFO  com.main.ReportGenerator - This is an info message
2024-10-27 15:28:05 WARN  com.main.ReportGenerator - This is a warn message
2024-10-27 15:28:05 ERROR com.main.ReportGenerator - This is an error message
2024-10-27 15:28:05 FATAL com.main.ReportGenerator - This is a fatal message
2024-11-16 16:41:45 DEBUG com.main.ReportGenerator - This is a debug message
2024-11-16 16:41:45 INFO  com.main.ReportGenerator - This is an info message
2024-11-16 16:41:45 WARN  com.main.ReportGenerator - This is a warn message
2024-11-16 16:41:45 ERROR com.main.ReportGenerator - This is an error message
2024-11-16 16:41:45 FATAL com.main.ReportGenerator - This is a fatal message
2024-11-16 17:04:25 DEBUG com.main.ReportGenerator - This is a debug message
2024-11-16 17:04:25 INFO  com.main.ReportGenerator - This is an info message
2024-11-16 17:04:25 WARN  com.main.ReportGenerator - This is a warn message
2024-11-16 17:04:25 ERROR com.main.ReportGenerator - This is an error message
2024-11-16 17:04:25 FATAL com.main.ReportGenerator - This is a fatal message
2024-11-16 17:04:52 DEBUG com.main.ReportGenerator - This is a debug message
2024-11-16 17:04:52 INFO  com.main.ReportGenerator - This is an info message
2024-11-16 17:04:52 WARN  com.main.ReportGenerator - This is a warn message
2024-11-16 17:04:52 ERROR com.main.ReportGenerator - This is an error message
2024-11-16 17:04:52 FATAL com.main.ReportGenerator - This is a fatal message
2024-11-16 17:07:45 DEBUG com.main.ReportGenerator - This is a debug message
2024-11-16 17:07:45 INFO  com.main.ReportGenerator - This is an info message
2024-11-16 17:07:45 WARN  com.main.ReportGenerator - This is a warn message
2024-11-16 17:07:45 ERROR com.main.ReportGenerator - This is an error message
2024-11-16 17:07:45 FATAL com.main.ReportGenerator - This is a fatal message
2024-11-16 17:08:57 DEBUG com.main.ReportGenerator - This is a debug message
2024-11-16 17:08:57 INFO  com.main.ReportGenerator - This is an info message
2024-11-16 17:08:57 WARN  com.main.ReportGenerator - This is a warn message
2024-11-16 17:08:57 ERROR com.main.ReportGenerator - This is an error message
2024-11-16 17:08:57 FATAL com.main.ReportGenerator - This is a fatal message
2024-11-16 21:37:17 DEBUG com.main.ReportGenerator - This is a debug message
2024-11-16 21:37:17 INFO  com.main.ReportGenerator - This is an info message
2024-11-16 21:37:17 WARN  com.main.ReportGenerator - This is a warn message
2024-11-16 21:37:17 ERROR com.main.ReportGenerator - This is an error message
2024-11-16 21:37:17 FATAL com.main.ReportGenerator - This is a fatal message
2024-11-16 21:42:56 DEBUG com.main.ReportGenerator - This is a debug message
2024-11-16 21:42:56 INFO  com.main.ReportGenerator - This is an info message
2024-11-16 21:42:56 WARN  com.main.ReportGenerator - This is a warn message
2024-11-16 21:42:56 ERROR com.main.ReportGenerator - This is an error message
2024-11-16 21:42:56 FATAL com.main.ReportGenerator - This is a fatal message
2024-11-16 21:47:39 DEBUG com.main.ReportGenerator - This is a debug message
2024-11-16 21:47:39 INFO  com.main.ReportGenerator - This is an info message
2024-11-16 21:47:39 WARN  com.main.ReportGenerator - This is a warn message
2024-11-16 21:47:39 ERROR com.main.ReportGenerator - This is an error message
2024-11-16 21:47:39 FATAL com.main.ReportGenerator - This is a fatal message
2024-11-16 21:54:04 DEBUG com.main.ReportGenerator - This is a debug message
2024-11-16 21:54:04 INFO  com.main.ReportGenerator - This is an info message
2024-11-16 21:54:04 WARN  com.main.ReportGenerator - This is a warn message
2024-11-16 21:54:04 ERROR com.main.ReportGenerator - This is an error message
2024-11-16 21:54:04 FATAL com.main.ReportGenerator - This is a fatal message
2024-11-16 21:56:28 DEBUG com.main.ReportGenerator - This is a debug message
2024-11-16 21:56:28 INFO  com.main.ReportGenerator - This is an info message
2024-11-16 21:56:28 WARN  com.main.ReportGenerator - This is a warn message
2024-11-16 21:56:28 ERROR com.main.ReportGenerator - This is an error message
2024-11-16 21:56:28 FATAL com.main.ReportGenerator - This is a fatal message
2024-11-16 22:01:49 DEBUG com.main.ReportGenerator - This is a debug message
2024-11-16 22:01:49 INFO  com.main.ReportGenerator - This is an info message
2024-11-16 22:01:49 WARN  com.main.ReportGenerator - This is a warn message
2024-11-16 22:01:49 ERROR com.main.ReportGenerator - This is an error message
2024-11-16 22:01:49 FATAL com.main.ReportGenerator - This is a fatal message
2024-11-17 13:44:38 DEBUG com.main.ReportGenerator - This is a debug message
2024-11-17 13:44:38 INFO  com.main.ReportGenerator - This is an info message
2024-11-17 13:44:38 WARN  com.main.ReportGenerator - This is a warn message
2024-11-17 13:44:38 ERROR com.main.ReportGenerator - This is an error message
2024-11-17 13:44:38 FATAL com.main.ReportGenerator - This is a fatal message
2024-12-21 12:14:27 DEBUG com.main.ReportGenerator - This is a debug message
2024-12-21 12:14:27 INFO  com.main.ReportGenerator - This is an info message
2024-12-21 12:14:27 WARN  com.main.ReportGenerator - This is a warn message
2024-12-21 12:14:27 ERROR com.main.ReportGenerator - This is an error message
2024-12-21 12:14:27 FATAL com.main.ReportGenerator - This is a fatal message
2024-12-21 13:23:45 DEBUG com.main.ReportGenerator - This is a debug message
2024-12-21 13:23:45 INFO  com.main.ReportGenerator - This is an info message
2024-12-21 13:23:45 WARN  com.main.ReportGenerator - This is a warn message
2024-12-21 13:23:45 ERROR com.main.ReportGenerator - This is an error message
2024-12-21 13:23:45 FATAL com.main.ReportGenerator - This is a fatal message
2024-12-21 13:24:18 DEBUG com.main.ReportGenerator - This is a debug message
2024-12-21 13:24:18 INFO  com.main.ReportGenerator - This is an info message
2024-12-21 13:24:18 WARN  com.main.ReportGenerator - This is a warn message
2024-12-21 13:24:18 ERROR com.main.ReportGenerator - This is an error message
2024-12-21 13:24:18 FATAL com.main.ReportGenerator - This is a fatal message
2024-12-21 13:28:37 DEBUG com.main.ReportGenerator - This is a debug message
2024-12-21 13:28:37 INFO  com.main.ReportGenerator - This is an info message
2024-12-21 13:28:37 WARN  com.main.ReportGenerator - This is a warn message
2024-12-21 13:28:37 ERROR com.main.ReportGenerator - This is an error message
2024-12-21 13:28:37 FATAL com.main.ReportGenerator - This is a fatal message
2024-12-21 13:35:29 DEBUG com.main.ReportGenerator - This is a debug message
2024-12-21 13:35:29 INFO  com.main.ReportGenerator - This is an info message
2024-12-21 13:35:29 WARN  com.main.ReportGenerator - This is a warn message
2024-12-21 13:35:29 ERROR com.main.ReportGenerator - This is an error message
2024-12-21 13:35:29 FATAL com.main.ReportGenerator - This is a fatal message
2024-12-21 13:55:00 DEBUG com.main.ReportGenerator - This is a debug message
2024-12-21 13:55:01 INFO  com.main.ReportGenerator - This is an info message
2024-12-21 13:55:01 WARN  com.main.ReportGenerator - This is a warn message
2024-12-21 13:55:01 ERROR com.main.ReportGenerator - This is an error message
2024-12-21 13:55:01 FATAL com.main.ReportGenerator - This is a fatal message
2024-12-21 14:12:31 DEBUG com.main.ReportGenerator - This is a debug message
2024-12-21 14:12:31 INFO  com.main.ReportGenerator - This is an info message
2024-12-21 14:12:31 WARN  com.main.ReportGenerator - This is a warn message
2024-12-21 14:12:31 ERROR com.main.ReportGenerator - This is an error message
2024-12-21 14:12:31 FATAL com.main.ReportGenerator - This is a fatal message
2024-12-21 14:18:37 ERROR com.main.ReportGenerator - This is an error message
2024-12-21 14:18:37 FATAL com.main.ReportGenerator - This is a fatal message
2024-12-21 14:19:48 ERROR com.main.ReportGenerator - This is an error message
2024-12-21 14:19:48 FATAL com.main.ReportGenerator - This is a fatal message
2024-12-21 14:22:38 INFO  com.main.ReportGenerator - This is an info message
2024-12-21 14:22:38 WARN  com.main.ReportGenerator - This is a warn message
2024-12-21 14:22:38 ERROR com.main.ReportGenerator - This is an error message
2024-12-21 14:22:38 FATAL com.main.ReportGenerator - This is a fatal message
2024-12-21 14:38:25 INFO  com.main.ReportGenerator - This is an info message
2024-12-21 14:38:25 WARN  com.main.ReportGenerator - This is a warn message
2024-12-21 14:38:25 ERROR com.main.ReportGenerator - This is an error message
2024-12-21 14:38:25 FATAL com.main.ReportGenerator - This is a fatal message
2024-12-21 14:46:47 DEBUG com.main.ReportGenerator - This is a debug message
2024-12-21 14:46:47 INFO  com.main.ReportGenerator - This is an info message
2024-12-21 14:46:47 WARN  com.main.ReportGenerator - This is a warn message
2024-12-21 14:46:47 ERROR com.main.ReportGenerator - This is an error message
2024-12-21 14:46:47 FATAL com.main.ReportGenerator - This is a fatal message
2024-12-21 14:49:37 DEBUG com.main.ReportGenerator - This is a debug message
2024-12-21 14:49:37 INFO  com.main.ReportGenerator - This is an info message
2024-12-21 14:49:37 WARN  com.main.ReportGenerator - This is a warn message
2024-12-21 14:49:37 ERROR com.main.ReportGenerator - This is an error message
2024-12-21 14:49:37 FATAL com.main.ReportGenerator - This is a fatal message
2024-12-21 14:56:53 DEBUG com.main.ReportGenerator - This is a debug message
2024-12-21 14:56:53 INFO  com.main.ReportGenerator - This is an info message
2024-12-21 14:56:53 WARN  com.main.ReportGenerator - This is a warn message
2024-12-21 14:56:53 ERROR com.main.ReportGenerator - This is an error message
2024-12-21 14:56:53 FATAL com.main.ReportGenerator - This is a fatal message
2024-12-21 15:04:06 DEBUG com.main.ReportGenerator - This is a debug message
2024-12-21 15:04:06 INFO  com.main.ReportGenerator - This is an info message
2024-12-21 15:04:06 WARN  com.main.ReportGenerator - This is a warn message
2024-12-21 15:04:06 ERROR com.main.ReportGenerator - This is an error message
2024-12-21 15:04:06 FATAL com.main.ReportGenerator - This is a fatal message
